<?xml version="1.0" encoding="UTF-8"?>
<!-- Generated by org.testng.reporters.JUnitReportReporter -->
<testsuite hostname="DESKTOP-4RT5810" failures="0" tests="1" name="ba.unsa.etf.rpr.AppTest" time="0.014" errors="0" timestamp="2022-11-17T23:47:56 CET" skipped="0">
  <testcase classname="ba.unsa.etf.rpr.AppTest" name="shouldAnswerWithTrue" time="0.014"/>
  <system-out/>
</testsuite> <!-- ba.unsa.etf.rpr.AppTest -->
